[07-Jan-2026 20:45:49 Europe/Istanbul] PHP Warning:  Undefined array key "REQUEST_METHOD" in /Users/bahadir/Documents/cursor/config/config.php on line 27
[07-Jan-2026 20:45:49 Europe/Istanbul] Database Connection Error: SQLSTATE[08006] [7] connection to server at "localhost" (::1), port 5432 failed: Operation not permitted
	Is the server running on that host and accepting TCP/IP connections?
connection to server at "localhost" (127.0.0.1), port 5432 failed: Operation not permitted
	Is the server running on that host and accepting TCP/IP connections?
[07-Jan-2026 21:18:29 Europe/Istanbul] PHP Warning:  Undefined array key "REQUEST_URI" in /Users/bahadir/Documents/cursor/config/config.php on line 26
[07-Jan-2026 21:18:29 Europe/Istanbul] PHP Deprecated:  strpos(): Passing null to parameter #1 ($haystack) of type string is deprecated in /Users/bahadir/Documents/cursor/config/config.php on line 26
[07-Jan-2026 22:49:31 Europe/Istanbul] Add Comment Error: SQLSTATE[22P02]: Invalid text representation: 7 ERROR:  invalid input syntax for type boolean: ""
CONTEXT:  unnamed portal parameter $4 = ''
[07-Jan-2026 22:50:00 Europe/Istanbul] Add Comment Error: SQLSTATE[22P02]: Invalid text representation: 7 ERROR:  invalid input syntax for type boolean: ""
CONTEXT:  unnamed portal parameter $4 = ''
[08-Jan-2026 10:54:05 Europe/Istanbul] Add Comment Error: SQLSTATE[22P02]: Invalid text representation: 7 ERROR:  invalid input syntax for type boolean: ""
CONTEXT:  unnamed portal parameter $4 = ''
[08-Jan-2026 10:54:28 Europe/Istanbul] Add Comment Error: SQLSTATE[22P02]: Invalid text representation: 7 ERROR:  invalid input syntax for type boolean: ""
CONTEXT:  unnamed portal parameter $4 = ''
[08-Jan-2026 10:56:33 Europe/Istanbul] Add Comment Error: SQLSTATE[22P02]: Invalid text representation: 7 ERROR:  invalid input syntax for type boolean: ""
CONTEXT:  unnamed portal parameter $4 = ''
[08-Jan-2026 10:56:38 Europe/Istanbul] Add Comment Error: SQLSTATE[22P02]: Invalid text representation: 7 ERROR:  invalid input syntax for type boolean: ""
CONTEXT:  unnamed portal parameter $4 = ''
[08-Jan-2026 11:01:25 Europe/Istanbul] Add Comment Error: SQLSTATE[22P02]: Invalid text representation: 7 ERROR:  invalid input syntax for type boolean: ""
CONTEXT:  unnamed portal parameter $4 = ''
[08-Jan-2026 11:01:25 Europe/Istanbul] Add Comment Error Trace: #0 /Users/bahadir/Documents/cursor/api/add_comment.php(66): PDOStatement->execute(Array)
#1 {main}
[08-Jan-2026 11:01:42 Europe/Istanbul] Add Comment Error: SQLSTATE[22P02]: Invalid text representation: 7 ERROR:  invalid input syntax for type boolean: ""
CONTEXT:  unnamed portal parameter $4 = ''
[08-Jan-2026 11:01:42 Europe/Istanbul] Add Comment Error Trace: #0 /Users/bahadir/Documents/cursor/api/add_comment.php(66): PDOStatement->execute(Array)
#1 {main}
[08-Jan-2026 11:02:29 Europe/Istanbul] Add Comment Error: SQLSTATE[22P02]: Invalid text representation: 7 ERROR:  invalid input syntax for type boolean: ""
CONTEXT:  unnamed portal parameter $4 = ''
[08-Jan-2026 11:02:29 Europe/Istanbul] Add Comment Error Trace: #0 /Users/bahadir/Documents/cursor/api/add_comment.php(66): PDOStatement->execute(Array)
#1 {main}
[08-Jan-2026 11:03:43 Europe/Istanbul] Add Comment Error: SQLSTATE[22P02]: Invalid text representation: 7 ERROR:  invalid input syntax for type boolean: ""
CONTEXT:  unnamed portal parameter $4 = ''
[08-Jan-2026 11:03:43 Europe/Istanbul] Add Comment Error Trace: #0 /Users/bahadir/Documents/cursor/api/add_comment.php(66): PDOStatement->execute(Array)
#1 {main}
[08-Jan-2026 11:04:31 Europe/Istanbul] Add Comment Error: SQLSTATE[22P02]: Invalid text representation: 7 ERROR:  invalid input syntax for type boolean: ""
CONTEXT:  unnamed portal parameter $4 = ''
[08-Jan-2026 11:04:31 Europe/Istanbul] Add Comment Error Trace: #0 /Users/bahadir/Documents/cursor/api/add_comment.php(66): PDOStatement->execute(Array)
#1 {main}
[08-Jan-2026 11:19:00 Europe/Istanbul] Update Comment Error: SQLSTATE[42703]: Undefined column: 7 ERROR:  column "updated_at" does not exist
LINE 6: ..., user_id, comment_text, is_internal, created_at, updated_at
                                                             ^
HINT:  Perhaps you meant to reference the column "comments.created_at".
[08-Jan-2026 11:19:04 Europe/Istanbul] Update Comment Error: SQLSTATE[42703]: Undefined column: 7 ERROR:  column "updated_at" does not exist
LINE 6: ..., user_id, comment_text, is_internal, created_at, updated_at
                                                             ^
HINT:  Perhaps you meant to reference the column "comments.created_at".
[08-Jan-2026 11:19:16 Europe/Istanbul] Update Comment Error: SQLSTATE[42703]: Undefined column: 7 ERROR:  column "updated_at" does not exist
LINE 6: ..., user_id, comment_text, is_internal, created_at, updated_at
                                                             ^
HINT:  Perhaps you meant to reference the column "comments.created_at".
[08-Jan-2026 11:19:19 Europe/Istanbul] Update Comment Error: SQLSTATE[42703]: Undefined column: 7 ERROR:  column "updated_at" does not exist
LINE 6: ..., user_id, comment_text, is_internal, created_at, updated_at
                                                             ^
HINT:  Perhaps you meant to reference the column "comments.created_at".
[08-Jan-2026 11:19:30 Europe/Istanbul] Update Comment Error: SQLSTATE[42703]: Undefined column: 7 ERROR:  column "updated_at" does not exist
LINE 6: ..., user_id, comment_text, is_internal, created_at, updated_at
                                                             ^
HINT:  Perhaps you meant to reference the column "comments.created_at".
[08-Jan-2026 11:19:35 Europe/Istanbul] Update Comment Error: SQLSTATE[42703]: Undefined column: 7 ERROR:  column "updated_at" does not exist
LINE 6: ..., user_id, comment_text, is_internal, created_at, updated_at
                                                             ^
HINT:  Perhaps you meant to reference the column "comments.created_at".
[08-Jan-2026 12:32:41 Europe/Istanbul] Update Complaint: Checking photos...
[08-Jan-2026 12:32:41 Europe/Istanbul] Update Complaint: Photos array found: Array
(
    [name] => Array
        (
            [0] => speed-svgrepo-com.svg
        )

    [full_path] => Array
        (
            [0] => speed-svgrepo-com.svg
        )

    [type] => Array
        (
            [0] => image/svg+xml
        )

    [tmp_name] => Array
        (
            [0] => /private/var/folders/ry/drxcp2tx2y37xx8rlmhqtcn80000gn/T/phpk7psqj8rifso3iBdmZr
        )

    [error] => Array
        (
            [0] => 0
        )

    [size] => Array
        (
            [0] => 747
        )

)

[08-Jan-2026 12:32:41 Europe/Istanbul] Update Complaint: Config - UPLOAD_DIR: /Users/bahadir/Documents/cursor/config/../uploads/
[08-Jan-2026 12:32:41 Europe/Istanbul] Update Complaint: Processing file: speed-svgrepo-com.svg (image/svg+xml, 747)
[08-Jan-2026 12:32:41 Europe/Istanbul] Update Complaint: Invalid file type: image/svg+xml
[08-Jan-2026 12:33:43 Europe/Istanbul] Update Complaint: Checking photos...
[08-Jan-2026 12:33:43 Europe/Istanbul] Update Complaint: Photos array found: Array
(
    [name] => Array
        (
            [0] => speed-svgrepo-com.svg
        )

    [full_path] => Array
        (
            [0] => speed-svgrepo-com.svg
        )

    [type] => Array
        (
            [0] => image/svg+xml
        )

    [tmp_name] => Array
        (
            [0] => /private/var/folders/ry/drxcp2tx2y37xx8rlmhqtcn80000gn/T/phplc6stdl8n6vc4bXt2OV
        )

    [error] => Array
        (
            [0] => 0
        )

    [size] => Array
        (
            [0] => 747
        )

)

[08-Jan-2026 12:33:43 Europe/Istanbul] Update Complaint: Config - UPLOAD_DIR: /Users/bahadir/Documents/cursor/config/../uploads/
[08-Jan-2026 12:33:43 Europe/Istanbul] Update Complaint: Processing file: speed-svgrepo-com.svg (image/svg+xml, 747)
[08-Jan-2026 12:33:43 Europe/Istanbul] Update Complaint: Invalid file type: image/svg+xml
[08-Jan-2026 12:35:44 Europe/Istanbul] Update Complaint: Checking photos...
[08-Jan-2026 12:35:44 Europe/Istanbul] Update Complaint: Photos array found: Array
(
    [name] => Array
        (
            [0] => speed-svgrepo-com.svg
        )

    [full_path] => Array
        (
            [0] => speed-svgrepo-com.svg
        )

    [type] => Array
        (
            [0] => image/svg+xml
        )

    [tmp_name] => Array
        (
            [0] => /private/var/folders/ry/drxcp2tx2y37xx8rlmhqtcn80000gn/T/phpnlba7vo950qm4dGgNPL
        )

    [error] => Array
        (
            [0] => 0
        )

    [size] => Array
        (
            [0] => 747
        )

)

[08-Jan-2026 12:35:44 Europe/Istanbul] Update Complaint: Config - UPLOAD_DIR: /Users/bahadir/Documents/cursor/config/../uploads/
[08-Jan-2026 12:35:44 Europe/Istanbul] Update Complaint: Processing file: speed-svgrepo-com.svg (image/svg+xml, 747)
[08-Jan-2026 12:35:44 Europe/Istanbul] Update Complaint: Invalid file type: image/svg+xml
[08-Jan-2026 12:40:23 Europe/Istanbul] Update Complaint Error: SQLSTATE[23514]: Check violation: 7 ERROR:  new row for relation "complaint_photos" violates check constraint "complaint_photos_photo_type_check"
DETAIL:  Failing row contains (6, 5, complaints/complaint_695f7b87d8763_1767865223.svg, during, 3, 2026-01-08 12:40:23.887615).
[10-Jan-2026 00:36:33 Europe/Istanbul] PHP Warning:  Undefined array key "REQUEST_URI" in /Users/bahadir/Documents/cursor/config/config.php on line 26
[10-Jan-2026 00:36:33 Europe/Istanbul] PHP Deprecated:  strpos(): Passing null to parameter #1 ($haystack) of type string is deprecated in /Users/bahadir/Documents/cursor/config/config.php on line 26
[13-Jan-2026 21:55:21 Europe/Istanbul] Create User Error: SQLSTATE[23505]: Unique violation: 7 ERROR:  duplicate key value violates unique constraint "users_email_key"
DETAIL:  Key (email)=(silme@gmail.com) already exists.
[13-Jan-2026 21:55:21 Europe/Istanbul] Create User Error: SQLSTATE[23505]: Unique violation: 7 ERROR:  duplicate key value violates unique constraint "users_email_key"
DETAIL:  Key (email)=(silme@gmail.com) already exists.
[13-Jan-2026 21:55:24 Europe/Istanbul] Create User Error: SQLSTATE[23505]: Unique violation: 7 ERROR:  duplicate key value violates unique constraint "users_email_key"
DETAIL:  Key (email)=(silme@gmail.com) already exists.
[13-Jan-2026 21:55:24 Europe/Istanbul] Create User Error: SQLSTATE[23505]: Unique violation: 7 ERROR:  duplicate key value violates unique constraint "users_email_key"
DETAIL:  Key (email)=(silme@gmail.com) already exists.
[13-Jan-2026 21:56:13 Europe/Istanbul] Create User Error: SQLSTATE[23505]: Unique violation: 7 ERROR:  duplicate key value violates unique constraint "users_email_key"
DETAIL:  Key (email)=(silme@gmail.com) already exists.
[13-Jan-2026 21:56:13 Europe/Istanbul] Create User Error: SQLSTATE[23505]: Unique violation: 7 ERROR:  duplicate key value violates unique constraint "users_email_key"
DETAIL:  Key (email)=(silme@gmail.com) already exists.
[13-Jan-2026 21:59:06 Europe/Istanbul] Create User Error: SQLSTATE[23505]: Unique violation: 7 ERROR:  duplicate key value violates unique constraint "users_email_key"
DETAIL:  Key (email)=(silme@gmail.com) already exists.
[13-Jan-2026 21:59:06 Europe/Istanbul] Create User Error: SQLSTATE[23505]: Unique violation: 7 ERROR:  duplicate key value violates unique constraint "users_email_key"
DETAIL:  Key (email)=(silme@gmail.com) already exists.
[13-Jan-2026 22:48:23 Europe/Istanbul] Delete Complaint Error: SQLSTATE[23514]: Check violation: 7 ERROR:  new row for relation "complaints" violates check constraint "complaints_status_check"
DETAIL:  Failing row contains (8, 10, istek-2, istek-2, 39.93654237, 33.78820848, KKTC, deleted, null, null, null, 2026-01-10 13:42:10.676957, 2026-01-13 22:48:23.05346, null).
[13-Jan-2026 22:48:41 Europe/Istanbul] Delete Complaint Error: SQLSTATE[23514]: Check violation: 7 ERROR:  new row for relation "complaints" violates check constraint "complaints_status_check"
DETAIL:  Failing row contains (8, 10, istek-2, istek-2, 39.93654237, 33.78820848, KKTC, deleted, null, null, null, 2026-01-10 13:42:10.676957, 2026-01-13 22:48:41.907436, null).
[13-Jan-2026 22:51:09 Europe/Istanbul] Delete Complaint Error: SQLSTATE[23514]: Check violation: 7 ERROR:  new row for relation "complaints" violates check constraint "complaints_status_check"
DETAIL:  Failing row contains (8, 10, istek-2, istek-2, 39.93654237, 33.78820848, KKTC, deleted, null, null, null, 2026-01-10 13:42:10.676957, 2026-01-13 22:51:09.416272, null).
[14-Jan-2026 14:05:30 Europe/Istanbul] Database Connection Error: SQLSTATE[HY000] [1049] Unknown database 'complaint_management_system'
[14-Jan-2026 14:06:10 Europe/Istanbul] Database Connection Error: SQLSTATE[HY000] [1049] Unknown database 'complaint_management_system'
[14-Jan-2026 14:06:21 Europe/Istanbul] Database Connection Error: SQLSTATE[HY000] [1049] Unknown database 'complaint_management_system'
[14-Jan-2026 14:11:04 Europe/Istanbul] Register Error: SQLSTATE[42000]: Syntax error or access violation: 1064 You have an error in your SQL syntax; check the manual that corresponds to your MySQL server version for the right syntax to use near 'RETURNING id, email, full_name, role' at line 3
[14-Jan-2026 14:11:14 Europe/Istanbul] Register Error: SQLSTATE[42000]: Syntax error or access violation: 1064 You have an error in your SQL syntax; check the manual that corresponds to your MySQL server version for the right syntax to use near 'RETURNING id, email, full_name, role' at line 3
[14-Jan-2026 14:11:26 Europe/Istanbul] Register Error: SQLSTATE[42000]: Syntax error or access violation: 1064 You have an error in your SQL syntax; check the manual that corresponds to your MySQL server version for the right syntax to use near 'RETURNING id, email, full_name, role' at line 3
[14-Jan-2026 14:12:03 Europe/Istanbul] List All Users Error: SQLSTATE[42S22]: Column not found: 1054 Unknown column 'address' in 'field list'
[14-Jan-2026 14:12:05 Europe/Istanbul] Get Profile Error: SQLSTATE[42S22]: Column not found: 1054 Unknown column 'address' in 'field list'
[14-Jan-2026 14:12:06 Europe/Istanbul] List All Users Error: SQLSTATE[42S22]: Column not found: 1054 Unknown column 'address' in 'field list'
[14-Jan-2026 14:12:10 Europe/Istanbul] List All Users Error: SQLSTATE[42S22]: Column not found: 1054 Unknown column 'address' in 'field list'
[14-Jan-2026 14:12:10 Europe/Istanbul] Get Profile Error: SQLSTATE[42S22]: Column not found: 1054 Unknown column 'address' in 'field list'
[14-Jan-2026 14:12:41 Europe/Istanbul] Register Error: SQLSTATE[42S22]: Column not found: 1054 Unknown column 'address' in 'field list'
[14-Jan-2026 14:12:55 Europe/Istanbul] Register Error: SQLSTATE[42S22]: Column not found: 1054 Unknown column 'address' in 'field list'
[14-Jan-2026 14:13:49 Europe/Istanbul] PHP Warning:  Undefined array key "REQUEST_URI" in /Users/bahadir/Documents/cursor/config/config.php on line 26
[14-Jan-2026 14:13:49 Europe/Istanbul] PHP Deprecated:  strpos(): Passing null to parameter #1 ($haystack) of type string is deprecated in /Users/bahadir/Documents/cursor/config/config.php on line 26
[14-Jan-2026 14:14:20 Europe/Istanbul] PHP Warning:  Undefined array key "REQUEST_URI" in /Users/bahadir/Documents/cursor/config/config.php on line 26
[14-Jan-2026 14:14:20 Europe/Istanbul] PHP Deprecated:  strpos(): Passing null to parameter #1 ($haystack) of type string is deprecated in /Users/bahadir/Documents/cursor/config/config.php on line 26
